<?xml version="1.0" encoding="UTF-8"?>
<!-- Generated by org.testng.reporters.JUnitReportReporter -->
<testsuite hostname="LAPTOP-D61UNHL5" failures="0" tests="3" name="mavenfirst.Seliniummaven" time="0.013" errors="0" timestamp="2024-01-27T11:34:18 IST" skipped="0">
  <testcase classname="mavenfirst.Seliniummaven" name="test1" time="0.002"/>
  <testcase classname="mavenfirst.Seliniummaven" name="test2" time="0.001"/>
  <testcase classname="mavenfirst.Seliniummaven" name="test3" time="0.010"/>
</testsuite> <!-- mavenfirst.Seliniummaven -->
