<?xml version="1.0" encoding="UTF-8"?>
<!-- Generated by org.testng.reporters.JUnitReportReporter -->
<testsuite hostname="LAPTOP-D61UNHL5" failures="0" tests="4" name="logintest.Logintestcases" time="31.730" errors="0" timestamp="2024-02-02T19:34:55 IST" skipped="0">
  <testcase classname="logintest.Logintestcases" name="loginWithValidusernameandValidpassword" time="6.889"/>
  <testcase classname="logintest.Logintestcases" name="loginwithinvalidusernameandValidpassword" time="6.855"/>
  <testcase classname="logintest.Logintestcases" name="loginwithvalidusernameandinvalidpassword" time="6.763"/>
  <testcase classname="logintest.Logintestcases" name="loginwithnousernameandnopassword" time="11.223"/>
</testsuite> <!-- logintest.Logintestcases -->
