<?xml version="1.0" encoding="UTF-8"?>
<!-- Generated by org.testng.reporters.JUnitReportReporter -->
<testsuite hostname="LAPTOP-D61UNHL5" failures="0" tests="1" name="practicemaven.Mavenpractice" time="8.571" errors="0" timestamp="2024-01-31T15:08:20 IST" skipped="0">
  <testcase classname="practicemaven.Mavenpractice" name="rigisterwithallmandatoryfields" time="8.571"/>
</testsuite> <!-- practicemaven.Mavenpractice -->
