<?xml version="1.0" encoding="UTF-8"?>
<!-- Generated by org.testng.reporters.JUnitReportReporter -->
<testsuite hostname="LAPTOP-D61UNHL5" failures="0" tests="1" name="base.Base" time="0.007" errors="0" timestamp="2024-02-02T18:59:12 IST" skipped="0">
  <testcase classname="base.Base" name="readdatafrompropfile" time="0.007"/>
</testsuite> <!-- base.Base -->
