<?xml version="1.0" encoding="UTF-8"?>
<!-- Generated by org.testng.reporters.JUnitReportReporter -->
<testsuite hostname="LAPTOP-D61UNHL5" failures="0" tests="1" name="rigister.Rigistertest" time="8.112" errors="0" timestamp="2024-01-31T15:06:14 IST" skipped="0">
  <testcase classname="rigister.Rigistertest" name="rigisterwithallmandatoryfields" time="8.112"/>
</testsuite> <!-- rigister.Rigistertest -->
